#
# There is insufficient memory for the Java Runtime Environment to continue.
# Native memory allocation (malloc) failed to allocate 32744 bytes for ChunkPool::allocate
# Possible reasons:
#   The system is out of physical RAM or swap space
#   In 32 bit mode, the process size limit was hit
# Possible solutions:
#   Reduce memory load on the system
#   Increase physical memory or swap space
#   Check if swap backing store is full
#   Use 64 bit Java on a 64 bit OS
#   Decrease Java heap size (-Xmx/-Xms)
#   Decrease number of Java threads
#   Decrease Java thread stack sizes (-Xss)
#   Set larger code cache with -XX:ReservedCodeCacheSize=
# This output file may be truncated or incomplete.
#
#  Out of Memory Error (allocation.cpp:271), pid=10216, tid=4888
#
# JRE version: Java(TM) SE Runtime Environment (8.0-b132) (build 1.8.0-b132)
# Java VM: Java HotSpot(TM) 64-Bit Server VM (25.0-b70 mixed mode windows-amd64 compressed oops)
# Failed to write core dump. Minidumps are not enabled by default on client versions of Windows
#

---------------  T H R E A D  ---------------

Current thread (0x000000001a726000):  JavaThread "C1 CompilerThread3" daemon [_thread_in_native, id=4888, stack(0x000000001ae30000,0x000000001af30000)]

Stack: [0x000000001ae30000,0x000000001af30000]
Native frames: (J=compiled Java code, j=interpreted, Vv=VM code, C=native code)
V  [jvm.dll+0x308e0a]


Current CompileTask:
C1: 296781 1804       3      
[error occurred during error reporting (printing current compile task), id 0xe0000001]


---------------  P R O C E S S  ---------------

Java Threads: ( => current thread )
  0x000000001bf74800 JavaThread "ForkJoinPool.commonPool-worker-6" daemon [_thread_blocked, id=4968, stack(0x00000000014d0000,0x00000000015d0000)]
  0x0000000003474800 JavaThread "DestroyJavaVM" [_thread_blocked, id=2176, stack(0x0000000003270000,0x0000000003370000)]
  0x000000001bd60800 JavaThread "jalilovshavkat_bot Telegram Executor" [_thread_in_vm, id=12216, stack(0x000000001d640000,0x000000001d740000)]
  0x000000001bd73800 JavaThread "jalilovshavkat_bot Telegram Connection" [_thread_in_vm, id=4892, stack(0x000000001d540000,0x000000001d640000)]
  0x000000001a74a800 JavaThread "Service Thread" daemon [_thread_blocked, id=4752, stack(0x000000001af30000,0x000000001b030000)]
=>0x000000001a726000 JavaThread "C1 CompilerThread3" daemon [_thread_in_native, id=4888, stack(0x000000001ae30000,0x000000001af30000)]
  0x000000001a6ed800 JavaThread "C2 CompilerThread2" daemon [_thread_blocked, id=9632, stack(0x000000001ad30000,0x000000001ae30000)]
  0x000000001a6c3000 JavaThread "C2 CompilerThread1" daemon [_thread_blocked, id=6724, stack(0x000000001ac30000,0x000000001ad30000)]
  0x000000001a6bc000 JavaThread "C2 CompilerThread0" daemon [_thread_blocked, id=4564, stack(0x000000001ab30000,0x000000001ac30000)]
  0x000000001a5a2800 JavaThread "Monitor Ctrl-Break" daemon [_thread_in_native, id=9364, stack(0x000000001aa30000,0x000000001ab30000)]
  0x000000001a45e000 JavaThread "Attach Listener" daemon [_thread_blocked, id=4936, stack(0x000000001a930000,0x000000001aa30000)]
  0x000000001a45d000 JavaThread "Signal Dispatcher" daemon [_thread_blocked, id=9380, stack(0x000000001a830000,0x000000001a930000)]
  0x0000000003564800 JavaThread "Finalizer" daemon [_thread_blocked, id=3972, stack(0x000000001a330000,0x000000001a430000)]
  0x000000001845c800 JavaThread "Reference Handler" daemon [_thread_blocked, id=3104, stack(0x000000001a230000,0x000000001a330000)]

Other Threads:
  0x0000000018458800 VMThread [stack: 0x000000001a130000,0x000000001a230000] [id=4696]
  0x000000001a74c800 WatcherThread [stack: 0x000000001b030000,0x000000001b130000] [id=8424]

VM state:not at safepoint (normal execution)

VM Mutex/Monitor currently owned by a thread: None

Heap:
 PSYoungGen      total 28672K, used 26345K [0x00000000d6300000, 0x00000000d8480000, 0x0000000100000000)
  eden space 26112K, 91% used [0x00000000d6300000,0x00000000d7a3e678,0x00000000d7c80000)
  from space 2560K, 99% used [0x00000000d8000000,0x00000000d827be20,0x00000000d8280000)
  to   space 3584K, 0% used [0x00000000d7c80000,0x00000000d7c80000,0x00000000d8000000)
 ParOldGen       total 127488K, used 6017K [0x0000000082800000, 0x000000008a480000, 0x00000000d6300000)
  object space 127488K, 4% used [0x0000000082800000,0x0000000082de06a8,0x000000008a480000)
 Metaspace       used 19020K, capacity 19212K, committed 19456K, reserved 1067008K
  class space    used 2253K, capacity 2298K, committed 2304K, reserved 1048576K

Card table byte_map: [0x0000000012930000,0x0000000012d20000] byte_map_base: 0x000000001251c000

Marking Bits: (ParMarkBitMap*) 0x000000006abc13b0
 Begin Bits: [0x00000000137c0000, 0x0000000015720000)
 End Bits:   [0x0000000015720000, 0x0000000017680000)

Polling page: 0x00000000018b0000

CodeCache: size=245760Kb used=6138Kb max_used=6138Kb free=239621Kb
 bounds [0x0000000003570000, 0x0000000003b80000, 0x0000000012570000]
 total_blobs=2237 nmethods=1803 adapters=347
 compilation: enabled

Compilation events (10 events):
Event: 262.059 Thread 0x000000001a726000 nmethod 1799 0x0000000003b6fdd0 code [0x0000000003b6ffa0, 0x0000000003b70828]
Event: 262.059 Thread 0x000000001a726000 1800       3       org.apache.http.util.Args::notNegative (33 bytes)
Event: 262.061 Thread 0x000000001a726000 nmethod 1800 0x0000000003b70b50 code [0x0000000003b70d20, 0x0000000003b714b8]
Event: 262.565 Thread 0x000000001a726000 1801       3       sun.nio.cs.UTF_8$Decoder::decodeLoop (28 bytes)
Event: 262.570 Thread 0x000000001a726000 nmethod 1801 0x0000000003b71810 code [0x0000000003b719a0, 0x0000000003b71eb8]
Event: 262.570 Thread 0x000000001a726000 1803       3       org.apache.http.util.ByteArrayBuffer::capacity (6 bytes)
Event: 262.570 Thread 0x000000001a726000 nmethod 1803 0x0000000003b68110 code [0x0000000003b68260, 0x0000000003b683b0]
Event: 262.571 Thread 0x000000001a726000 1802       1       org.apache.http.pool.PoolEntry::getConnection (5 bytes)
Event: 262.575 Thread 0x000000001a726000 nmethod 1802 0x0000000003b55b90 code [0x0000000003b55ce0, 0x0000000003b55df0]
Event: 296.451 Thread 0x000000001a726000 1804       3       org.apache.http.protocol.HttpCoreContext::getAttribute (25 bytes)

GC Heap History (10 events):
Event: 1.531 GC heap before
{Heap before GC invocations=12 (full 0):
 PSYoungGen      total 7680K, used 7660K [0x00000000d6300000, 0x00000000d7080000, 0x0000000100000000)
  eden space 6656K, 100% used [0x00000000d6300000,0x00000000d6980000,0x00000000d6980000)
  from space 1024K, 98% used [0x00000000d6980000,0x00000000d6a7b090,0x00000000d6a80000)
  to   space 1536K, 0% used [0x00000000d6f00000,0x00000000d6f00000,0x00000000d7080000)
 ParOldGen       total 127488K, used 1756K [0x0000000082800000, 0x000000008a480000, 0x00000000d6300000)
  object space 127488K, 1% used [0x0000000082800000,0x00000000829b7268,0x000000008a480000)
 Metaspace       used 8087K, capacity 8208K, committed 8448K, reserved 1056768K
  class space    used 956K, capacity 1008K, committed 1024K, reserved 1048576K
Event: 1.533 GC heap after
Heap after GC invocations=12 (full 0):
 PSYoungGen      total 12288K, used 1028K [0x00000000d6300000, 0x00000000d7080000, 0x0000000100000000)
  eden space 10752K, 0% used [0x00000000d6300000,0x00000000d6300000,0x00000000d6d80000)
  from space 1536K, 66% used [0x00000000d6f00000,0x00000000d7001128,0x00000000d7080000)
  to   space 1536K, 0% used [0x00000000d6d80000,0x00000000d6d80000,0x00000000d6f00000)
 ParOldGen       total 127488K, used 1932K [0x0000000082800000, 0x000000008a480000, 0x00000000d6300000)
  object space 127488K, 1% used [0x0000000082800000,0x00000000829e3268,0x000000008a480000)
 Metaspace       used 8087K, capacity 8208K, committed 8448K, reserved 1056768K
  class space    used 956K, capacity 1008K, committed 1024K, reserved 1048576K
}
Event: 1.765 GC heap before
{Heap before GC invocations=13 (full 0):
 PSYoungGen      total 12288K, used 11777K [0x00000000d6300000, 0x00000000d7080000, 0x0000000100000000)
  eden space 10752K, 99% used [0x00000000d6300000,0x00000000d6d7f440,0x00000000d6d80000)
  from space 1536K, 66% used [0x00000000d6f00000,0x00000000d7001128,0x00000000d7080000)
  to   space 1536K, 0% used [0x00000000d6d80000,0x00000000d6d80000,0x00000000d6f00000)
 ParOldGen       total 127488K, used 1932K [0x0000000082800000, 0x000000008a480000, 0x00000000d6300000)
  object space 127488K, 1% used [0x0000000082800000,0x00000000829e3268,0x000000008a480000)
 Metaspace       used 10018K, capacity 10128K, committed 10240K, reserved 1058816K
  class space    used 1152K, capacity 1200K, committed 1280K, reserved 1048576K
Event: 1.769 GC heap after
Heap after GC invocations=13 (full 0):
 PSYoungGen      total 12288K, used 1530K [0x00000000d6300000, 0x00000000d7800000, 0x0000000100000000)
  eden space 10752K, 0% used [0x00000000d6300000,0x00000000d6300000,0x00000000d6d80000)
  from space 1536K, 99% used [0x00000000d6d80000,0x00000000d6efe8a8,0x00000000d6f00000)
  to   space 2048K, 0% used [0x00000000d7600000,0x00000000d7600000,0x00000000d7800000)
 ParOldGen       total 127488K, used 2508K [0x0000000082800000, 0x000000008a480000, 0x00000000d6300000)
  object space 127488K, 1% used [0x0000000082800000,0x0000000082a73078,0x000000008a480000)
 Metaspace       used 10018K, capacity 10128K, committed 10240K, reserved 1058816K
  class space    used 1152K, capacity 1200K, committed 1280K, reserved 1048576K
}
Event: 2.058 GC heap before
{Heap before GC invocations=14 (full 0):
 PSYoungGen      total 12288K, used 12282K [0x00000000d6300000, 0x00000000d7800000, 0x0000000100000000)
  eden space 10752K, 100% used [0x00000000d6300000,0x00000000d6d80000,0x00000000d6d80000)
  from space 1536K, 99% used [0x00000000d6d80000,0x00000000d6efe8a8,0x00000000d6f00000)
  to   space 2048K, 0% used [0x00000000d7600000,0x00000000d7600000,0x00000000d7800000)
 ParOldGen       total 127488K, used 2508K [0x0000000082800000, 0x000000008a480000, 0x00000000d6300000)
  object space 127488K, 1% used [0x0000000082800000,0x0000000082a73078,0x000000008a480000)
 Metaspace       used 12095K, capacity 12224K, committed 12544K, reserved 1060864K
  class space    used 1401K, capacity 1428K, committed 1536K, reserved 1048576K
Event: 2.063 GC heap after
Heap after GC invocations=14 (full 0):
 PSYoungGen      total 18944K, used 2035K [0x00000000d6300000, 0x00000000d7900000, 0x0000000100000000)
  eden space 16896K, 0% used [0x00000000d6300000,0x00000000d6300000,0x00000000d7380000)
  from space 2048K, 99% used [0x00000000d7600000,0x00000000d77fcfb8,0x00000000d7800000)
  to   space 2560K, 0% used [0x00000000d7380000,0x00000000d7380000,0x00000000d7600000)
 ParOldGen       total 127488K, used 3068K [0x0000000082800000, 0x000000008a480000, 0x00000000d6300000)
  object space 127488K, 2% used [0x0000000082800000,0x0000000082aff3e0,0x000000008a480000)
 Metaspace       used 12095K, capacity 12224K, committed 12544K, reserved 1060864K
  class space    used 1401K, capacity 1428K, committed 1536K, reserved 1048576K
}
Event: 2.542 GC heap before
{Heap before GC invocations=15 (full 0):
 PSYoungGen      total 18944K, used 18931K [0x00000000d6300000, 0x00000000d7900000, 0x0000000100000000)
  eden space 16896K, 100% used [0x00000000d6300000,0x00000000d7380000,0x00000000d7380000)
  from space 2048K, 99% used [0x00000000d7600000,0x00000000d77fcfb8,0x00000000d7800000)
  to   space 2560K, 0% used [0x00000000d7380000,0x00000000d7380000,0x00000000d7600000)
 ParOldGen       total 127488K, used 3068K [0x0000000082800000, 0x000000008a480000, 0x00000000d6300000)
  object space 127488K, 2% used [0x0000000082800000,0x0000000082aff3e0,0x000000008a480000)
 Metaspace       used 14682K, capacity 14836K, committed 15104K, reserved 1062912K
  class space    used 1742K, capacity 1792K, committed 1792K, reserved 1048576K
Event: 2.547 GC heap after
Heap after GC invocations=15 (full 0):
 PSYoungGen      total 19456K, used 2119K [0x00000000d6300000, 0x00000000d8280000, 0x0000000100000000)
  eden space 16896K, 0% used [0x00000000d6300000,0x00000000d6300000,0x00000000d7380000)
  from space 2560K, 82% used [0x00000000d7380000,0x00000000d7591c38,0x00000000d7600000)
  to   space 2560K, 0% used [0x00000000d8000000,0x00000000d8000000,0x00000000d8280000)
 ParOldGen       total 127488K, used 4417K [0x0000000082800000, 0x000000008a480000, 0x00000000d6300000)
  object space 127488K, 3% used [0x0000000082800000,0x0000000082c50400,0x000000008a480000)
 Metaspace       used 14682K, capacity 14836K, committed 15104K, reserved 1062912K
  class space    used 1742K, capacity 1792K, committed 1792K, reserved 1048576K
}
Event: 5.317 GC heap before
{Heap before GC invocations=16 (full 0):
 PSYoungGen      total 19456K, used 19015K [0x00000000d6300000, 0x00000000d8280000, 0x0000000100000000)
  eden space 16896K, 100% used [0x00000000d6300000,0x00000000d7380000,0x00000000d7380000)
  from space 2560K, 82% used [0x00000000d7380000,0x00000000d7591c38,0x00000000d7600000)
  to   space 2560K, 0% used [0x00000000d8000000,0x00000000d8000000,0x00000000d8280000)
 ParOldGen       total 127488K, used 4417K [0x0000000082800000, 0x000000008a480000, 0x00000000d6300000)
  object space 127488K, 3% used [0x0000000082800000,0x0000000082c50400,0x000000008a480000)
 Metaspace       used 16945K, capacity 17106K, committed 17536K, reserved 1064960K
  class space    used 2010K, capacity 2053K, committed 2176K, reserved 1048576K
Event: 5.325 GC heap after
Heap after GC invocations=16 (full 0):
 PSYoungGen      total 28672K, used 2543K [0x00000000d6300000, 0x00000000d8480000, 0x0000000100000000)
  eden space 26112K, 0% used [0x00000000d6300000,0x00000000d6300000,0x00000000d7c80000)
  from space 2560K, 99% used [0x00000000d8000000,0x00000000d827be20,0x00000000d8280000)
  to   space 3584K, 0% used [0x00000000d7c80000,0x00000000d7c80000,0x00000000d8000000)
 ParOldGen       total 127488K, used 6017K [0x0000000082800000, 0x000000008a480000, 0x00000000d6300000)
  object space 127488K, 4% used [0x0000000082800000,0x0000000082de06a8,0x000000008a480000)
 Metaspace       used 16945K, capacity 17106K, committed 17536K, reserved 1064960K
  class space    used 2010K, capacity 2053K, committed 2176K, reserved 1048576K
}

Deoptimization events (10 events):
Event: 3.080 Thread 0x0000000003474800 Uncommon trap: reason=class_check action=maybe_recompile pc=0x000000000394e334 method=java.util.jar.JarFile.getJarEntry(Ljava/lang/String;)Ljava/util/jar/JarEntry; @ 2
Event: 3.080 Thread 0x0000000003474800 Uncommon trap: reason=class_check action=maybe_recompile pc=0x000000000394e334 method=java.util.jar.JarFile.getJarEntry(Ljava/lang/String;)Ljava/util/jar/JarEntry; @ 2
Event: 5.247 Thread 0x0000000003474800 Uncommon trap: reason=class_check action=maybe_recompile pc=0x0000000003839974 method=java.util.concurrent.ConcurrentHashMap.putVal(Ljava/lang/Object;Ljava/lang/Object;Z)Ljava/lang/Object; @ 192
Event: 5.335 Thread 0x0000000003474800 Uncommon trap: reason=class_check action=maybe_recompile pc=0x0000000003839974 method=java.util.concurrent.ConcurrentHashMap.putVal(Ljava/lang/Object;Ljava/lang/Object;Z)Ljava/lang/Object; @ 192
Event: 5.352 Thread 0x000000001bd73800 Uncommon trap: reason=class_check action=maybe_recompile pc=0x0000000003839974 method=java.util.concurrent.ConcurrentHashMap.putVal(Ljava/lang/Object;Ljava/lang/Object;Z)Ljava/lang/Object; @ 192
Event: 6.542 Thread 0x000000001bd73800 Uncommon trap: reason=class_check action=maybe_recompile pc=0x0000000003a65678 method=com.fasterxml.jackson.databind.introspect.AnnotationMap.get(Ljava/lang/Class;)Ljava/lang/annotation/Annotation; @ 17
Event: 6.955 Thread 0x000000001bd60800 Uncommon trap: reason=unreached action=reinterpret pc=0x0000000003776f58 method=java.lang.AbstractStringBuilder.append(Ljava/lang/String;)Ljava/lang/AbstractStringBuilder; @ 1
Event: 6.955 Thread 0x000000001bd60800 Uncommon trap: reason=unreached action=reinterpret pc=0x000000000374ecb4 method=java.lang.AbstractStringBuilder.append(Ljava/lang/String;)Ljava/lang/AbstractStringBuilder; @ 1
Event: 8.308 Thread 0x000000001bd60800 Uncommon trap: reason=unreached action=reinterpret pc=0x0000000003981388 method=java.lang.ThreadLocal$ThreadLocalMap.getEntry(Ljava/lang/ThreadLocal;)Ljava/lang/ThreadLocal$ThreadLocalMap$Entry; @ 29
Event: 8.309 Thread 0x000000001bd60800 Uncommon trap: reason=unreached action=reinterpret pc=0x000000000398181c method=java.lang.ThreadLocal$ThreadLocalMap.getEntry(Ljava/lang/ThreadLocal;)Ljava/lang/ThreadLocal$ThreadLocalMap$Entry; @ 29

Internal exceptions (10 events):
Event: 7.526 Thread 0x000000001bd60800 Exception <a 'java/security/PrivilegedActionException'> (0x00000000d718f590) thrown at [D:\re\workspace\8-2-build-windows-amd64-cygwin\jdk8\2238\hotspot\src\share\vm\prims\jvm.cpp, line 1248]
Event: 7.527 Thread 0x000000001bd60800 Exception <a 'java/security/PrivilegedActionException'> (0x00000000d7195bf8) thrown at [D:\re\workspace\8-2-build-windows-amd64-cygwin\jdk8\2238\hotspot\src\share\vm\prims\jvm.cpp, line 1248]
Event: 7.531 Thread 0x000000001bd60800 Exception <a 'java/security/PrivilegedActionException'> (0x00000000d71a8810) thrown at [D:\re\workspace\8-2-build-windows-amd64-cygwin\jdk8\2238\hotspot\src\share\vm\prims\jvm.cpp, line 1248]
Event: 7.567 Thread 0x000000001bd60800 Exception <a 'java/security/PrivilegedActionException'> (0x00000000d71ee7a0) thrown at [D:\re\workspace\8-2-build-windows-amd64-cygwin\jdk8\2238\hotspot\src\share\vm\prims\jvm.cpp, line 1248]
Event: 7.568 Thread 0x000000001bd60800 Exception <a 'java/security/PrivilegedActionException'> (0x00000000d71f72a8) thrown at [D:\re\workspace\8-2-build-windows-amd64-cygwin\jdk8\2238\hotspot\src\share\vm\prims\jvm.cpp, line 1248]
Event: 7.578 Thread 0x000000001bd60800 Exception <a 'java/security/PrivilegedActionException'> (0x00000000d722f588) thrown at [D:\re\workspace\8-2-build-windows-amd64-cygwin\jdk8\2238\hotspot\src\share\vm\prims\jvm.cpp, line 1248]
Event: 7.580 Thread 0x000000001bd60800 Exception <a 'java/security/PrivilegedActionException'> (0x00000000d7238a70) thrown at [D:\re\workspace\8-2-build-windows-amd64-cygwin\jdk8\2238\hotspot\src\share\vm\prims\jvm.cpp, line 1248]
Event: 7.589 Thread 0x000000001bd60800 Exception <a 'java/security/PrivilegedActionException'> (0x00000000d7260568) thrown at [D:\re\workspace\8-2-build-windows-amd64-cygwin\jdk8\2238\hotspot\src\share\vm\prims\jvm.cpp, line 1248]
Event: 7.593 Thread 0x000000001bd60800 Exception <a 'java/net/SocketTimeoutException': Read timed out> (0x00000000d7271448) thrown at [D:\re\workspace\8-2-build-windows-amd64-cygwin\jdk8\2238\hotspot\src\share\vm\prims\jni.cpp, line 742]
Event: 7.798 Thread 0x000000001bd60800 Exception <a 'java/security/PrivilegedActionException'> (0x00000000d72861b8) thrown at [D:\re\workspace\8-2-build-windows-amd64-cygwin\jdk8\2238\hotspot\src\share\vm\prims\jvm.cpp, line 1248]

Events (10 events):
Event: 261.109 Thread 0x000000001bf74800 Thread added: 0x000000001bf74800
Event: 261.109 Executing VM operation: RevokeBias
Event: 261.109 Executing VM operation: RevokeBias done
Event: 261.109 Thread 0x000000001bf91800 Thread exited: 0x000000001bf91800
Event: 275.113 Thread 0x000000001bf91800 Thread added: 0x000000001bf91800
Event: 275.113 Executing VM operation: BulkRevokeBias
Event: 275.115 Executing VM operation: BulkRevokeBias done
Event: 275.115 Thread 0x000000001bf74800 Thread exited: 0x000000001bf74800
Event: 289.122 Thread 0x000000001bf74800 Thread added: 0x000000001bf74800
Event: 289.122 Thread 0x000000001bf91800 Thread exited: 0x000000001bf91800


Dynamic libraries:
0x00007ff639690000 - 0x00007ff6396c4000 	C:\Program Files\Java\jdk1.8.0\bin\java.exe
0x00007ff834b30000 - 0x00007ff834d25000 	C:\WINDOWS\SYSTEM32\ntdll.dll
0x00007ff8342f0000 - 0x00007ff8343ae000 	C:\WINDOWS\System32\KERNEL32.DLL
0x00007ff832770000 - 0x00007ff832a38000 	C:\WINDOWS\System32\KERNELBASE.dll
0x00007ff833730000 - 0x00007ff8337dc000 	C:\WINDOWS\System32\ADVAPI32.dll
0x00007ff8343c0000 - 0x00007ff83445e000 	C:\WINDOWS\System32\msvcrt.dll
0x00007ff834590000 - 0x00007ff83462b000 	C:\WINDOWS\System32\sechost.dll
0x00007ff833320000 - 0x00007ff83344a000 	C:\WINDOWS\System32\RPCRT4.dll
0x00007ff8334c0000 - 0x00007ff833661000 	C:\WINDOWS\System32\USER32.dll
0x00007ff832a40000 - 0x00007ff832a62000 	C:\WINDOWS\System32\win32u.dll
0x00007ff832e30000 - 0x00007ff832e5b000 	C:\WINDOWS\System32\GDI32.dll
0x00007ff832240000 - 0x00007ff83234d000 	C:\WINDOWS\System32\gdi32full.dll
0x00007ff832510000 - 0x00007ff8325ad000 	C:\WINDOWS\System32\msvcp_win.dll
0x00007ff832a70000 - 0x00007ff832b70000 	C:\WINDOWS\System32\ucrtbase.dll
0x00007ff817250000 - 0x00007ff8174ea000 	C:\WINDOWS\WinSxS\amd64_microsoft.windows.common-controls_6595b64144ccf1df_6.0.19041.1110_none_60b5254171f9507e\COMCTL32.dll
0x00007ff834ac0000 - 0x00007ff834af0000 	C:\WINDOWS\System32\IMM32.DLL
0x000000006b110000 - 0x000000006b1e2000 	C:\Program Files\Java\jdk1.8.0\jre\bin\msvcr100.dll
0x000000006a410000 - 0x000000006ac3a000 	C:\Program Files\Java\jdk1.8.0\jre\bin\server\jvm.dll
0x00007ff834ab0000 - 0x00007ff834ab8000 	C:\WINDOWS\System32\PSAPI.DLL
0x00007ff81a210000 - 0x00007ff81a237000 	C:\WINDOWS\SYSTEM32\WINMM.dll
0x00007ff82d800000 - 0x00007ff82d809000 	C:\WINDOWS\SYSTEM32\WSOCK32.dll
0x00007ff833450000 - 0x00007ff8334bb000 	C:\WINDOWS\System32\WS2_32.dll
0x000000006b100000 - 0x000000006b10f000 	C:\Program Files\Java\jdk1.8.0\jre\bin\verify.dll
0x000000006b0d0000 - 0x000000006b0f8000 	C:\Program Files\Java\jdk1.8.0\jre\bin\java.dll
0x000000006b080000 - 0x000000006b0a3000 	C:\Program Files\Java\jdk1.8.0\jre\bin\instrument.dll
0x000000006b0b0000 - 0x000000006b0c6000 	C:\Program Files\Java\jdk1.8.0\jre\bin\zip.dll
0x00007ff8337e0000 - 0x00007ff833f24000 	C:\WINDOWS\System32\SHELL32.dll
0x00007ff830140000 - 0x00007ff8308d4000 	C:\WINDOWS\SYSTEM32\windows.storage.dll
0x00007ff833f90000 - 0x00007ff8342e5000 	C:\WINDOWS\System32\combase.dll
0x00007ff831c90000 - 0x00007ff831cbe000 	C:\WINDOWS\SYSTEM32\Wldp.dll
0x00007ff832b70000 - 0x00007ff832c1d000 	C:\WINDOWS\System32\SHCORE.dll
0x00007ff833f30000 - 0x00007ff833f85000 	C:\WINDOWS\System32\shlwapi.dll
0x00007ff832180000 - 0x00007ff83219f000 	C:\WINDOWS\SYSTEM32\profapi.dll
0x00007fffffb50000 - 0x00007fffffb6a000 	C:\Program Files\JetBrains\IntelliJ IDEA Community Edition 2021.1.3\bin\breakgen64.dll
0x000000006b060000 - 0x000000006b07a000 	C:\Program Files\Java\jdk1.8.0\jre\bin\net.dll
0x00007ff8319f0000 - 0x00007ff831a5a000 	C:\WINDOWS\system32\mswsock.dll
0x000000006b010000 - 0x000000006b034000 	C:\Program Files\Java\jdk1.8.0\jre\bin\sunec.dll
0x00007ff831be0000 - 0x00007ff831bf8000 	C:\WINDOWS\SYSTEM32\CRYPTSP.dll
0x00007ff831300000 - 0x00007ff831334000 	C:\WINDOWS\system32\rsaenh.dll
0x00007ff832490000 - 0x00007ff8324b7000 	C:\WINDOWS\System32\bcrypt.dll
0x00007ff832140000 - 0x00007ff83216e000 	C:\WINDOWS\SYSTEM32\USERENV.dll
0x00007ff832350000 - 0x00007ff8323d2000 	C:\WINDOWS\System32\bcryptprimitives.dll
0x00007ff831c00000 - 0x00007ff831c0c000 	C:\WINDOWS\SYSTEM32\CRYPTBASE.dll
0x00007ffff4ca0000 - 0x00007ffff4cb7000 	C:\WINDOWS\system32\napinsp.dll
0x00007ffff4c80000 - 0x00007ffff4c9b000 	C:\WINDOWS\system32\pnrpnsp.dll
0x00007ff80a180000 - 0x00007ff80a195000 	C:\WINDOWS\system32\wshbth.dll
0x00007ff82d980000 - 0x00007ff82d99d000 	C:\WINDOWS\system32\NLAapi.dll
0x00007ff831690000 - 0x00007ff8316cb000 	C:\WINDOWS\SYSTEM32\IPHLPAPI.DLL
0x00007ff8316e0000 - 0x00007ff8317ab000 	C:\WINDOWS\SYSTEM32\DNSAPI.dll
0x00007ff8343b0000 - 0x00007ff8343b8000 	C:\WINDOWS\System32\NSI.dll
0x00007ffff4960000 - 0x00007ffff4972000 	C:\WINDOWS\System32\winrnr.dll
0x000000006ac50000 - 0x000000006ac5a000 	C:\Program Files\National Instruments\Shared\mDNS Responder\nimdnsNSP.dll
0x000000006ac40000 - 0x000000006ac50000 	C:\WINDOWS\SYSTEM32\nimdnsResponder.dll
0x00007ff8126f0000 - 0x00007ff81270b000 	C:\WINDOWS\SYSTEM32\VCRUNTIME140.dll
0x00007ff81da00000 - 0x00007ff81da0a000 	C:\Windows\System32\rasadhlp.dll
0x00007ff81be40000 - 0x00007ff81bebf000 	C:\WINDOWS\System32\fwpuclnt.dll
0x000000006b040000 - 0x000000006b051000 	C:\Program Files\Java\jdk1.8.0\jre\bin\nio.dll
0x00007ff8288c0000 - 0x00007ff8288d7000 	C:\WINDOWS\SYSTEM32\dhcpcsvc6.DLL
0x00007ff828900000 - 0x00007ff82891d000 	C:\WINDOWS\SYSTEM32\dhcpcsvc.DLL

VM Arguments:
jvm_args: -javaagent:C:\Program Files\JetBrains\IntelliJ IDEA Community Edition 2021.1.3\lib\idea_rt.jar=1182:C:\Program Files\JetBrains\IntelliJ IDEA Community Edition 2021.1.3\bin -Dfile.encoding=UTF-8 
java_command: main
java_class_path (initial): C:\Program Files\Java\jdk1.8.0\jre\lib\charsets.jar;C:\Program Files\Java\jdk1.8.0\jre\lib\deploy.jar;C:\Program Files\Java\jdk1.8.0\jre\lib\ext\access-bridge-64.jar;C:\Program Files\Java\jdk1.8.0\jre\lib\ext\cldrdata.jar;C:\Program Files\Java\jdk1.8.0\jre\lib\ext\dnsns.jar;C:\Program Files\Java\jdk1.8.0\jre\lib\ext\jaccess.jar;C:\Program Files\Java\jdk1.8.0\jre\lib\ext\jfxrt.jar;C:\Program Files\Java\jdk1.8.0\jre\lib\ext\localedata.jar;C:\Program Files\Java\jdk1.8.0\jre\lib\ext\nashorn.jar;C:\Program Files\Java\jdk1.8.0\jre\lib\ext\sunec.jar;C:\Program Files\Java\jdk1.8.0\jre\lib\ext\sunjce_provider.jar;C:\Program Files\Java\jdk1.8.0\jre\lib\ext\sunmscapi.jar;C:\Program Files\Java\jdk1.8.0\jre\lib\ext\sunpkcs11.jar;C:\Program Files\Java\jdk1.8.0\jre\lib\ext\zipfs.jar;C:\Program Files\Java\jdk1.8.0\jre\lib\javaws.jar;C:\Program Files\Java\jdk1.8.0\jre\lib\jce.jar;C:\Program Files\Java\jdk1.8.0\jre\lib\jfr.jar;C:\Program Files\Java\jdk1.8.0\jre\lib\jfxswt.jar;C:\Program Files\Java\jdk1.8.0\jre\lib\jsse.jar;C:\Program Files\Java\jdk1.8.0\jre\lib\management-agent.jar;C:\Program Files\Java\jdk1.8.0\jre\lib\plugin.jar;C:\Program Files\Java\jdk1.8.0\jre\lib\resources.jar;C:\Program Files\Java\jdk1.8.0\jre\lib\rt.jar;D:\Shavkat\backend\IdeaProjects\IdeaProjects\bot_yaratish\target\classes;C:\Users\PC-SHOP\.m2\repository\com\google\code\gson\gson\2.8.6\gson-2.8.6.jar;C:\Users\PC-SHOP\.m2\repository\org\telegram\telegrambots\4.9.1\telegrambots-4.9.1.jar;C:\Users\PC-SHOP\.m2\repository\org\telegram\telegrambots-meta\4.9.1\telegrambots-meta-4.9.1.jar;C:\Users\PC-SHOP\.m2\repository\com\google\inject\guice\4.2.2\guice-4.2.2.jar;C:\Users\PC-SHOP\.m2\repository\javax\inject\javax.inject\1\javax.inject-1.jar;C:\Users\PC-SHOP\.m2\repository\aopalliance\aopalliance\1.0\aopalliance-1.0.jar;C:\Users\PC-SHOP\.m2\repository\com\google\guava\guava\28.1-jre\guava-28.1-jre.jar;C:\Users\PC-SHOP\.m2\repository\com\google\guava\failureaccess\1.0.1\failureaccess-1.
Launcher Type: SUN_STANDARD

Environment Variables:
JAVA_HOME=C:\Program Files\Java\jdk1.8.0\
PATH=C:\Ruby27-x64\bin;C:\WINDOWS\system32;C:\WINDOWS;C:\WINDOWS\System32\Wbem;C:\WINDOWS\System32\WindowsPowerShell\v1.0\;C:\WINDOWS\System32\OpenSSH\;C:\Program Files\dotnet\;C:\Program Files\Microsoft SQL Server\130\Tools\Binn\;C:\Program Files\Microsoft SQL Server\Client SDK\ODBC\170\Tools\Binn\;C:\Program Files\Microsoft VS Code\bin;C:\Program Files\Java\jdk1.8.0\bin\;C:\Users\PC-SHOP\AppData\Local\Microsoft\WindowsApps;C:\Users\PC-SHOP\.dotnet\tools;;C:\Program Files\JetBrains\IntelliJ IDEA Community Edition 2021.1.3\bin;
USERNAME=PC-SHOP
OS=Windows_NT
PROCESSOR_IDENTIFIER=Intel64 Family 6 Model 142 Stepping 12, GenuineIntel



---------------  S Y S T E M  ---------------

OS: Windows 8.1 , 64 bit Build 9600 

CPU:total 8 (4 cores per cpu, 2 threads per core) family 6 model 142 stepping 12, cmov, cx8, fxsr, mmx, sse, sse2, sse3, ssse3, sse4.1, sse4.2, popcnt, avx, avx2, aes, clmul, erms, ht, tsc, tscinvbit

Memory: 4k page, physical 8222248k(308564k free), swap 23676096k(0k free)

vm_info: Java HotSpot(TM) 64-Bit Server VM (25.0-b70) for windows-amd64 JRE (1.8.0-b132), built on Mar  4 2014 03:46:18 by "java_re" with MS VC++ 10.0 (VS2010)

time: Thu Jan 13 12:22:47 2022
elapsed time: 296 seconds

